2026-02-04 10:49:31,831 | INFO | Pipelines loaded successfully!
2026-02-04 10:49:31,831 | INFO |    Feature columns: []
2026-02-04 10:49:31,831 | INFO |    Category classes: ['Cash Withdrawal', 'Clothing', 'Domestic Transport', 'Electronics', 'Grocery', 'Health/Beauty', 'Holliday/Travel', 'Jewelery', 'Restaurant/Cafeteria', 'Sports/Outdoors']
2026-02-04 10:54:12,128 | INFO | Pipelines loaded successfully!
2026-02-04 10:54:12,128 | INFO |    Feature columns: ['category', 'amount', 'age_at_transaction', 'days_until_card_expires', 'loc_delta', 'trans_volume_mavg', 'trans_volume_mstd', 'trans_freq', 'loc_delta_mavg']
2026-02-04 10:54:12,129 | INFO |    Category classes: ['Cash Withdrawal', 'Clothing', 'Domestic Transport', 'Electronics', 'Grocery', 'Health/Beauty', 'Holliday/Travel', 'Jewelery', 'Restaurant/Cafeteria', 'Sports/Outdoors']
2026-02-04 10:55:06,175 | INFO | Pipelines loaded successfully!
2026-02-04 10:55:06,176 | INFO |    Feature columns: ['category', 'amount', 'age_at_transaction', 'days_until_card_expires', 'loc_delta', 'trans_volume_mavg', 'trans_volume_mstd', 'trans_freq', 'loc_delta_mavg']
2026-02-04 10:55:06,176 | INFO |    Category classes: ['Cash Withdrawal', 'Clothing', 'Domestic Transport', 'Electronics', 'Grocery', 'Health/Beauty', 'Holliday/Travel', 'Jewelery', 'Restaurant/Cafeteria', 'Sports/Outdoors']
2026-02-04 10:56:23,748 | WARNING | [txn_20260204_025623_000001] Drift detected: ['trans_freq: 3.00 is >3 sigma from training mean (1.14)']
2026-02-04 10:56:23,814 | INFO | {"timestamp": "2026-02-04T02:56:23.814860", "request_id": "txn_20260204_025623_000001", "input": {"category": "Grocery", "amount": 150.5, "age_at_transaction": 35.5, "days_until_card_expires": 365.0, "loc_delta": 0.05, "trans_volume_mavg": 120.0, "trans_volume_mstd": 45.0, "trans_freq": 3.0, "loc_delta_mavg": 0.03}, "predictions": {"xgboost": {"pred": 1, "prob": 0.9269936084747314}, "random_forest": {"pred": 0, "prob": 0.4367649546965031}, "ensemble": {"pred": 1, "prob": 0.6818792815856173}}, "drift_warnings": ["trans_freq: 3.00 is >3 sigma from training mean (1.14)"], "has_drift": true}
2026-02-04 10:56:23,814 | INFO | [txn_20260204_025623_000001] Prediction: SUSPICIOUS - Review Recommended (prob=0.682)
2026-02-05 15:45:16,762 | INFO | Pipelines loaded successfully!
2026-02-05 15:45:16,762 | INFO |    Feature columns: ['category', 'amount', 'age_at_transaction', 'days_until_card_expires', 'loc_delta', 'trans_volume_mavg', 'trans_volume_mstd', 'trans_freq', 'loc_delta_mavg']
2026-02-05 15:45:16,763 | INFO |    Category classes: ['Cash Withdrawal', 'Clothing', 'Domestic Transport', 'Electronics', 'Grocery', 'Health/Beauty', 'Holliday/Travel', 'Jewelery', 'Restaurant/Cafeteria', 'Sports/Outdoors']
2026-02-05 15:46:40,967 | INFO | Pipelines loaded successfully!
2026-02-05 15:46:40,968 | INFO |    Feature columns: ['category', 'amount', 'age_at_transaction', 'days_until_card_expires', 'loc_delta', 'trans_volume_mavg', 'trans_volume_mstd', 'trans_freq', 'loc_delta_mavg']
2026-02-05 15:46:40,969 | INFO |    Category classes: ['Cash Withdrawal', 'Clothing', 'Domestic Transport', 'Electronics', 'Grocery', 'Health/Beauty', 'Holliday/Travel', 'Jewelery', 'Restaurant/Cafeteria', 'Sports/Outdoors']
2026-02-07 12:35:11,271 | INFO | Pipelines loaded successfully!
2026-02-07 12:35:11,274 | INFO |    Feature columns: ['category', 'amount', 'age_at_transaction', 'days_until_card_expires', 'loc_delta', 'trans_volume_mavg', 'trans_volume_mstd', 'trans_freq', 'loc_delta_mavg']
2026-02-07 12:35:11,274 | INFO |    Category classes: ['Cash Withdrawal', 'Clothing', 'Domestic Transport', 'Electronics', 'Grocery', 'Health/Beauty', 'Holliday/Travel', 'Jewelery', 'Restaurant/Cafeteria', 'Sports/Outdoors']
2026-02-07 12:36:09,810 | WARNING | [txn_20260207_043609_000001] Unknown category: grocery_pos
2026-02-07 12:36:09,810 | WARNING | [txn_20260207_043609_000001] Drift detected: ['trans_freq: 3.00 is >3 sigma from training mean (1.14)']
2026-02-07 12:36:09,915 | INFO | {"timestamp": "2026-02-07T04:36:09.915409", "request_id": "txn_20260207_043609_000001", "input": {"category": "grocery_pos", "amount": 150.5, "age_at_transaction": 35.5, "days_until_card_expires": 365.0, "loc_delta": 0.05, "trans_volume_mavg": 120.0, "trans_volume_mstd": 45.0, "trans_freq": 3.0, "loc_delta_mavg": 0.03}, "predictions": {"xgboost": {"pred": 0, "prob": 0.026733683422207832}, "random_forest": {"pred": 0, "prob": 0.03796358143117756}, "ensemble": {"pred": 0, "prob": 0.0323486324266927}}, "drift_warnings": ["trans_freq: 3.00 is >3 sigma from training mean (1.14)"], "has_drift": true}
2026-02-07 12:36:09,915 | INFO | [txn_20260207_043609_000001] Prediction: LEGITIMATE - Approved (prob=0.032)
2026-02-07 12:36:31,446 | WARNING | [txn_20260207_043631_000002] Unknown category: grocery_pos
2026-02-07 12:36:31,446 | WARNING | [txn_20260207_043631_000002] Drift detected: ['amount: 150000.50 is >3 sigma from training mean (416.19)', 'amount: 150000.50 outside training range [0.01, 29968.32]', 'trans_freq: 3.00 is >3 sigma from training mean (1.14)']
2026-02-07 12:36:31,503 | INFO | {"timestamp": "2026-02-07T04:36:31.503780", "request_id": "txn_20260207_043631_000002", "input": {"category": "grocery_pos", "amount": 150000.5, "age_at_transaction": 35.5, "days_until_card_expires": 365.0, "loc_delta": 0.05, "trans_volume_mavg": 120.0, "trans_volume_mstd": 45.0, "trans_freq": 3.0, "loc_delta_mavg": 0.03}, "predictions": {"xgboost": {"pred": 0, "prob": 0.05344739928841591}, "random_forest": {"pred": 0, "prob": 0.038052952535619744}, "ensemble": {"pred": 0, "prob": 0.045750175912017826}}, "drift_warnings": ["amount: 150000.50 is >3 sigma from training mean (416.19)", "amount: 150000.50 outside training range [0.01, 29968.32]", "trans_freq: 3.00 is >3 sigma from training mean (1.14)"], "has_drift": true}
2026-02-07 12:36:31,503 | INFO | [txn_20260207_043631_000002] Prediction: LEGITIMATE - Approved (prob=0.046)
2026-02-07 12:36:52,286 | WARNING | [txn_20260207_043652_000003] Unknown category: grocery_pos
2026-02-07 12:36:52,287 | WARNING | [txn_20260207_043652_000003] Drift detected: ['amount: 150000.50 is >3 sigma from training mean (416.19)', 'amount: 150000.50 outside training range [0.01, 29968.32]', 'trans_freq: 3.00 is >3 sigma from training mean (1.14)']
2026-02-07 12:36:52,331 | INFO | {"timestamp": "2026-02-07T04:36:52.331564", "request_id": "txn_20260207_043652_000003", "input": {"category": "grocery_pos", "amount": 150000.5, "age_at_transaction": 35.5, "days_until_card_expires": 365.0, "loc_delta": 0.05, "trans_volume_mavg": 120.0, "trans_volume_mstd": 450.0, "trans_freq": 3.0, "loc_delta_mavg": 0.03}, "predictions": {"xgboost": {"pred": 0, "prob": 0.07781298458576202}, "random_forest": {"pred": 0, "prob": 0.038052952535619744}, "ensemble": {"pred": 0, "prob": 0.057932968560690884}}, "drift_warnings": ["amount: 150000.50 is >3 sigma from training mean (416.19)", "amount: 150000.50 outside training range [0.01, 29968.32]", "trans_freq: 3.00 is >3 sigma from training mean (1.14)"], "has_drift": true}
2026-02-07 12:36:52,333 | INFO | [txn_20260207_043652_000003] Prediction: LEGITIMATE - Approved (prob=0.058)
2026-02-07 12:37:22,723 | WARNING | [txn_20260207_043722_000004] Unknown category: grocery_pos
2026-02-07 12:37:22,723 | WARNING | [txn_20260207_043722_000004] Drift detected: ['amount: 150000.50 is >3 sigma from training mean (416.19)', 'amount: 150000.50 outside training range [0.01, 29968.32]', 'trans_freq: 12.00 is >3 sigma from training mean (1.14)', 'trans_freq: 12.00 outside training range [1.00, 11.00]']
2026-02-07 12:37:22,772 | INFO | {"timestamp": "2026-02-07T04:37:22.772253", "request_id": "txn_20260207_043722_000004", "input": {"category": "grocery_pos", "amount": 150000.5, "age_at_transaction": 35.5, "days_until_card_expires": 365.0, "loc_delta": 0.05, "trans_volume_mavg": 120.0, "trans_volume_mstd": 450.0, "trans_freq": 12.0, "loc_delta_mavg": 0.03}, "predictions": {"xgboost": {"pred": 0, "prob": 0.2202468067407608}, "random_forest": {"pred": 0, "prob": 0.0284897451833437}, "ensemble": {"pred": 0, "prob": 0.12436827596205226}}, "drift_warnings": ["amount: 150000.50 is >3 sigma from training mean (416.19)", "amount: 150000.50 outside training range [0.01, 29968.32]", "trans_freq: 12.00 is >3 sigma from training mean (1.14)", "trans_freq: 12.00 outside training range [1.00, 11.00]"], "has_drift": true}
2026-02-07 12:37:22,773 | INFO | [txn_20260207_043722_000004] Prediction: LEGITIMATE - Approved (prob=0.124)
2026-02-07 12:51:10,030 | INFO | Pipelines loaded successfully!
2026-02-07 12:51:10,030 | INFO |    Feature columns: ['category', 'amount', 'age_at_transaction', 'days_until_card_expires', 'loc_delta', 'trans_volume_mavg', 'trans_volume_mstd', 'trans_freq', 'loc_delta_mavg']
2026-02-07 12:51:10,030 | INFO |    Category classes: ['Cash Withdrawal', 'Clothing', 'Domestic Transport', 'Electronics', 'Grocery', 'Health/Beauty', 'Holliday/Travel', 'Jewelery', 'Restaurant/Cafeteria', 'Sports/Outdoors']
2026-02-07 14:22:23,224 | INFO | Pipelines loaded successfully!
2026-02-07 14:22:23,224 | INFO |    Feature columns: ['category', 'amount', 'age_at_transaction', 'days_until_card_expires', 'loc_delta', 'trans_volume_mavg', 'trans_volume_mstd', 'trans_freq', 'loc_delta_mavg']
2026-02-07 14:22:23,226 | INFO |    Category classes: ['Cash Withdrawal', 'Clothing', 'Domestic Transport', 'Electronics', 'Grocery', 'Health/Beauty', 'Holliday/Travel', 'Jewelery', 'Restaurant/Cafeteria', 'Sports/Outdoors']
2026-02-07 14:22:59,047 | WARNING | [txn_20260207_062259_000001] Unknown category: grocery_pos
2026-02-07 14:22:59,050 | WARNING | [txn_20260207_062259_000001] Drift detected: ['trans_freq: 3.00 is >3 sigma from training mean (1.14)']
2026-02-07 14:22:59,136 | INFO | {"timestamp": "2026-02-07T06:22:59.136865", "request_id": "txn_20260207_062259_000001", "input": {"category": "grocery_pos", "amount": 150.5, "age_at_transaction": 35.5, "days_until_card_expires": 365.0, "loc_delta": 0.05, "trans_volume_mavg": 120.0, "trans_volume_mstd": 45.0, "trans_freq": 3.0, "loc_delta_mavg": 0.04}, "predictions": {"xgboost": {"pred": 0, "prob": 0.026733683422207832}, "random_forest": {"pred": 0, "prob": 0.03796358143117756}, "ensemble": {"pred": 0, "prob": 0.0323486324266927}}, "drift_warnings": ["trans_freq: 3.00 is >3 sigma from training mean (1.14)"], "has_drift": true}
2026-02-07 14:22:59,137 | INFO | [txn_20260207_062259_000001] Prediction: LEGITIMATE - Approved (prob=0.032)
